[18:16:24] [main/INFO]: Using mbed TLS based native cipher.
[18:16:24] [main/INFO]: Using zlib based native compressor.
[18:16:24] [main/INFO]: Enabled Waterfall version git:Waterfall-Bootstrap:1.21-R0.1-SNAPSHOT:de8345a:579
[18:16:24] [main/WARN]: Waterfall has reached end of life and is no longer maintained. We recommend you transition to Velocity (https://papermc.io/software/velocity). For more information, see the announcement (https://forums.papermc.io/threads/1088/).
[18:16:24] [main/INFO]: Not on Windows, attempting to use enhanced EpollEventLoop
[18:16:24] [main/INFO]: Epoll is working, utilising it!
[18:16:24] [main/INFO]: Discovered module: ModuleSpec(name=cmd_alert, file=modules/cmd_alert.jar, provider=JenkinsModuleSource())
[18:16:24] [main/INFO]: Discovered module: ModuleSpec(name=cmd_find, file=modules/cmd_find.jar, provider=JenkinsModuleSource())
[18:16:24] [main/INFO]: Discovered module: ModuleSpec(name=cmd_list, file=modules/cmd_list.jar, provider=JenkinsModuleSource())
[18:16:24] [main/INFO]: Discovered module: ModuleSpec(name=cmd_send, file=modules/cmd_send.jar, provider=JenkinsModuleSource())
[18:16:24] [main/INFO]: Discovered module: ModuleSpec(name=cmd_server, file=modules/cmd_server.jar, provider=JenkinsModuleSource())
[18:16:24] [main/INFO]: Discovered module: ModuleSpec(name=reconnect_yaml, file=modules/reconnect_yaml.jar, provider=JenkinsModuleSource())
[18:16:24] [main/INFO]: Loaded plugin reconnect_yaml version git:reconnect_yaml:1.21-R0.1-SNAPSHOT:de8345a:579 by WaterfallMC
[18:16:24] [main/INFO]: Loaded plugin cmd_find version git:cmd_find:1.21-R0.1-SNAPSHOT:de8345a:579 by WaterfallMC
[18:16:24] [main/INFO]: Loaded plugin cmd_server version git:cmd_server:1.21-R0.1-SNAPSHOT:de8345a:579 by WaterfallMC
[18:16:24] [main/INFO]: Loaded plugin cmd_alert version git:cmd_alert:1.21-R0.1-SNAPSHOT:de8345a:579 by WaterfallMC
[18:16:24] [main/INFO]: Loaded plugin cmd_send version git:cmd_send:1.21-R0.1-SNAPSHOT:de8345a:579 by WaterfallMC
[18:16:24] [main/INFO]: Loaded plugin cmd_list version git:cmd_list:1.21-R0.1-SNAPSHOT:de8345a:579 by WaterfallMC
[18:16:24] [main/WARN]: :>:>:>:>:>:>:>:>:>:>:>:>:>:>:>:>:>:>:>:>:>:>:>
[18:16:24] [main/WARN]: :>  
[18:16:24] [main/WARN]: :>      EAGLERCRAFTXBUNGEE WARNING:
[18:16:24] [main/WARN]: :>  
[18:16:24] [main/WARN]: :>  This plugin wasn't tested to be 'working'
[18:16:24] [main/WARN]: :>  with ANY version of BungeeCord (and forks)
[18:16:24] [main/WARN]: :>  apart from the versions listed below:
[18:16:24] [main/WARN]: :>  
[18:16:24] [main/WARN]: :>  - BungeeCord: 1.21-R0.1-SNAPSHOT:acb85e3:1871
[18:16:24] [main/WARN]: :>  - Waterfall: 1.21-R0.1-SNAPSHOT:de8345a:579
[18:16:24] [main/WARN]: :>  
[18:16:24] [main/WARN]: :>  This is not a Bukkit/Spigot plugin!
[18:16:24] [main/WARN]: :>  
[18:16:24] [main/WARN]: :>  Use "-Deaglerxbungee.stfu=true" to hide
[18:16:24] [main/WARN]: :>  
[18:16:24] [main/WARN]: :>:>:>:>:>:>:>:>:>:>:>:>:>:>:>:>:>:>:>:>:>:>:>
[18:16:24] [main/INFO] [EaglercraftXBungee]: Loading vanilla profile: lax1dude
[18:16:25] [Skin Download Thread #1/INFO] [EaglercraftXBungee]: Loaded vanilla profile: lax1dude
[18:16:25] [main/INFO]: Loaded plugin EaglercraftXBungee version 1.3.1 by lax1dude
[18:16:25] [main/WARN]: Forced host server pvp is not defined
[18:16:25] [main/INFO]: Enabled plugin reconnect_yaml version git:reconnect_yaml:1.21-R0.1-SNAPSHOT:de8345a:579 by WaterfallMC
[18:16:25] [main/INFO]: Enabled plugin cmd_find version git:cmd_find:1.21-R0.1-SNAPSHOT:de8345a:579 by WaterfallMC
[18:16:25] [main/INFO]: Enabled plugin cmd_server version git:cmd_server:1.21-R0.1-SNAPSHOT:de8345a:579 by WaterfallMC
[18:16:25] [main/INFO]: Enabled plugin cmd_alert version git:cmd_alert:1.21-R0.1-SNAPSHOT:de8345a:579 by WaterfallMC
[18:16:25] [main/INFO]: Enabled plugin cmd_send version git:cmd_send:1.21-R0.1-SNAPSHOT:de8345a:579 by WaterfallMC
[18:16:25] [main/INFO]: Enabled plugin cmd_list version git:cmd_list:1.21-R0.1-SNAPSHOT:de8345a:579 by WaterfallMC
[18:16:25] [main/ERROR] [EaglercraftXBungee]: Online mode is set to false! Authentication system has been disabled
[18:16:25] [Netty Boss IO Thread #0/INFO] [EaglercraftXBungee]: Eaglercraft is listening on: /0.0.0.0:8081
[18:16:26] [main/INFO] [EaglercraftXBungee]: Connected to database: jdbc:sqlite:eaglercraft_skins_cache.db
[18:16:26] [main/INFO] [EaglercraftXBungee]: Voice chat disabled, add "allow_voice: true" to your listeners to enable
[18:16:26] [main/INFO]: Enabled plugin EaglercraftXBungee version 1.3.1 by lax1dude
[18:16:26] [Netty Boss IO Thread #1/INFO]: Listening on /127.0.0.1:25577
[18:20:00] [Netty Worker IO Thread #0/INFO] [EaglercraftXBungee]: [/[0:0:0:0:0:0:0:1%0]:39292]: Connected via websocket
[18:20:00] [Netty Worker IO Thread #0/INFO] [EaglercraftXBungee]: [/[0:0:0:0:0:0:0:1%0]:39292]: Origin header is https://eaglercraft.com
[18:20:00] [Netty Worker IO Thread #0/INFO] [EaglercraftXBungee]: [/[0:0:0:0:0:0:0:1%0]:39292]: Logged in as 'IronMan42'
[18:20:00] [Netty Worker IO Thread #0/INFO]: [/[0:0:0:0:0:0:0:1%0]:39292|IronMan42] -> UpstreamBridge has connected
[18:20:00] [Netty Worker IO Thread #0/INFO]: [IronMan42|/[0:0:0:0:0:0:0:1%0]:39292] <-> ServerConnector [lobby] has connected
[18:20:31] [Netty Worker IO Thread #0/INFO]: [IronMan42] disconnected with: Login timed out!
[18:20:31] [Netty Worker IO Thread #0/INFO]: [/[0:0:0:0:0:0:0:1%0]:39292|IronMan42] -> UpstreamBridge has disconnected
[18:20:31] [Netty Worker IO Thread #0/INFO]: [/[0:0:0:0:0:0:0:1%0]:39292|IronMan42] <-> DownstreamBridge <-> [lobby] has disconnected
[18:20:35] [Netty Worker IO Thread #1/INFO] [EaglercraftXBungee]: [/[0:0:0:0:0:0:0:1%0]:43808]: Connected via websocket
[18:20:35] [Netty Worker IO Thread #1/INFO] [EaglercraftXBungee]: [/[0:0:0:0:0:0:0:1%0]:43808]: Origin header is https://eaglercraft.com
[18:20:35] [Netty Worker IO Thread #1/INFO] [EaglercraftXBungee]: [/[0:0:0:0:0:0:0:1%0]:43808]: Logged in as 'IronMan42'
[18:20:35] [Netty Worker IO Thread #1/INFO]: [/[0:0:0:0:0:0:0:1%0]:43808|IronMan42] -> UpstreamBridge has connected
[18:20:35] [Netty Worker IO Thread #1/INFO]: [IronMan42|/[0:0:0:0:0:0:0:1%0]:43808] <-> ServerConnector [lobby] has connected
[18:21:05] [Netty Worker IO Thread #1/INFO]: [IronMan42] disconnected with: Login timed out!
[18:21:05] [Netty Worker IO Thread #1/INFO]: [/[0:0:0:0:0:0:0:1%0]:43808|IronMan42] -> UpstreamBridge has disconnected
[18:21:05] [Netty Worker IO Thread #1/INFO]: [/[0:0:0:0:0:0:0:1%0]:43808|IronMan42] <-> DownstreamBridge <-> [lobby] has disconnected
[18:24:12] [Netty Worker IO Thread #2/INFO] [EaglercraftXBungee]: [/[0:0:0:0:0:0:0:1%0]:41924]: Connected via websocket
[18:24:12] [Netty Worker IO Thread #2/INFO] [EaglercraftXBungee]: [/[0:0:0:0:0:0:0:1%0]:41924]: Origin header is https://eaglercraft.com
[18:24:12] [Netty Worker IO Thread #2/INFO] [EaglercraftXBungee]: [/[0:0:0:0:0:0:0:1%0]:41924]: Logged in as 'IronMan42'
[18:24:12] [Netty Worker IO Thread #2/INFO]: [/[0:0:0:0:0:0:0:1%0]:41924|IronMan42] -> UpstreamBridge has connected
[18:24:12] [Netty Worker IO Thread #2/INFO]: [IronMan42|/[0:0:0:0:0:0:0:1%0]:41924] <-> ServerConnector [lobby] has connected
[18:24:43] [Netty Worker IO Thread #2/INFO]: [IronMan42] disconnected with: Login timed out!
[18:24:43] [Netty Worker IO Thread #2/INFO]: [/[0:0:0:0:0:0:0:1%0]:41924|IronMan42] -> UpstreamBridge has disconnected
[18:24:43] [Netty Worker IO Thread #2/INFO]: [/[0:0:0:0:0:0:0:1%0]:41924|IronMan42] <-> DownstreamBridge <-> [lobby] has disconnected
[18:25:10] [Netty Worker IO Thread #3/INFO] [EaglercraftXBungee]: [/[0:0:0:0:0:0:0:1%0]:44906]: Connected via websocket
[18:25:10] [Netty Worker IO Thread #3/INFO] [EaglercraftXBungee]: [/[0:0:0:0:0:0:0:1%0]:44906]: Origin header is https://eaglercraft.com
[18:25:10] [Netty Worker IO Thread #3/INFO] [EaglercraftXBungee]: [/[0:0:0:0:0:0:0:1%0]:44906]: Logged in as 'IronMan42'
[18:25:10] [Netty Worker IO Thread #3/INFO]: [/[0:0:0:0:0:0:0:1%0]:44906|IronMan42] -> UpstreamBridge has connected
[18:25:10] [Netty Worker IO Thread #3/INFO]: [IronMan42|/[0:0:0:0:0:0:0:1%0]:44906] <-> ServerConnector [lobby] has connected
[18:25:38] [Netty Worker IO Thread #0/WARN] [EaglercraftXBungee]: Server icon is not a file: /workspaces/server-test/bungee/server-icon.png
[18:25:40] [Netty Worker IO Thread #1/INFO] [EaglercraftXBungee]: [/[0:0:0:0:0:0:0:1%0]:35548]: Connected via websocket
[18:25:40] [Netty Worker IO Thread #1/INFO] [EaglercraftXBungee]: [/[0:0:0:0:0:0:0:1%0]:35548]: Origin header is https://eaglercraft.com
[18:25:41] [Netty Worker IO Thread #1/INFO] [EaglercraftXBungee]: [/[0:0:0:0:0:0:0:1%0]:35548]: Logged in as 'MikeMike123'
[18:25:41] [Netty Worker IO Thread #1/INFO]: [/[0:0:0:0:0:0:0:1%0]:35548|MikeMike123] -> UpstreamBridge has connected
[18:25:41] [Netty Worker IO Thread #1/INFO]: [MikeMike123|/[0:0:0:0:0:0:0:1%0]:35548] <-> ServerConnector [lobby] has connected
[18:25:41] [Netty Worker IO Thread #3/INFO]: [IronMan42] disconnected with: Login timed out!
[18:25:41] [Netty Worker IO Thread #3/INFO]: [/[0:0:0:0:0:0:0:1%0]:44906|IronMan42] -> UpstreamBridge has disconnected
[18:25:41] [Netty Worker IO Thread #3/INFO]: [/[0:0:0:0:0:0:0:1%0]:44906|IronMan42] <-> DownstreamBridge <-> [lobby] has disconnected
[18:25:51] [Netty Worker IO Thread #2/INFO] [EaglercraftXBungee]: [/[0:0:0:0:0:0:0:1%0]:40166]: Connected via websocket
[18:25:51] [Netty Worker IO Thread #2/INFO] [EaglercraftXBungee]: [/[0:0:0:0:0:0:0:1%0]:40166]: Origin header is https://eaglercraft.com
[18:25:51] [Netty Worker IO Thread #2/INFO] [EaglercraftXBungee]: [/[0:0:0:0:0:0:0:1%0]:40166]: Logged in as 'IronMan42'
[18:25:51] [Netty Worker IO Thread #2/INFO]: [/[0:0:0:0:0:0:0:1%0]:40166|IronMan42] -> UpstreamBridge has connected
[18:25:51] [Netty Worker IO Thread #2/INFO]: [IronMan42|/[0:0:0:0:0:0:0:1%0]:40166] <-> ServerConnector [lobby] has connected
[18:26:21] [Netty Worker IO Thread #2/INFO]: [IronMan42] disconnected with: Login timed out!
[18:26:21] [Netty Worker IO Thread #2/INFO]: [/[0:0:0:0:0:0:0:1%0]:40166|IronMan42] -> UpstreamBridge has disconnected
[18:26:21] [Netty Worker IO Thread #2/INFO]: [/[0:0:0:0:0:0:0:1%0]:40166|IronMan42] <-> DownstreamBridge <-> [lobby] has disconnected
[18:26:43] [Netty Worker IO Thread #1/INFO]: [/[0:0:0:0:0:0:0:1%0]:35548|MikeMike123] -> UpstreamBridge has disconnected
[18:26:43] [Netty Worker IO Thread #1/INFO]: [MikeMike123] disconnected with: Proxy lost connection to server.
[18:26:43] [Netty Worker IO Thread #1/INFO]: [/[0:0:0:0:0:0:0:1%0]:35548|MikeMike123] <-> DownstreamBridge <-> [lobby] has disconnected
[18:29:10] [Netty Worker IO Thread #3/INFO] [EaglercraftXBungee]: [/[0:0:0:0:0:0:0:1%0]:37524]: Connected via websocket
[18:29:10] [Netty Worker IO Thread #3/INFO] [EaglercraftXBungee]: [/[0:0:0:0:0:0:0:1%0]:37524]: Origin header is https://eaglercraft.com
[18:29:10] [Netty Worker IO Thread #3/INFO] [EaglercraftXBungee]: [/[0:0:0:0:0:0:0:1%0]:37524]: Logged in as 'IronMan42'
[18:29:10] [Netty Worker IO Thread #3/INFO]: [/[0:0:0:0:0:0:0:1%0]:37524|IronMan42] -> UpstreamBridge has connected
[18:29:10] [Netty Worker IO Thread #3/INFO]: [IronMan42|/[0:0:0:0:0:0:0:1%0]:37524] <-> ServerConnector [lobby] has connected
[18:29:41] [Netty Worker IO Thread #3/INFO]: [IronMan42] disconnected with: Login timed out!
[18:29:41] [Netty Worker IO Thread #3/INFO]: [/[0:0:0:0:0:0:0:1%0]:37524|IronMan42] -> UpstreamBridge has disconnected
[18:29:41] [Netty Worker IO Thread #3/INFO]: [/[0:0:0:0:0:0:0:1%0]:37524|IronMan42] <-> DownstreamBridge <-> [lobby] has disconnected
[18:29:44] [Netty Worker IO Thread #0/INFO] [EaglercraftXBungee]: [/[0:0:0:0:0:0:0:1%0]:42876]: Connected via websocket
[18:29:44] [Netty Worker IO Thread #0/INFO] [EaglercraftXBungee]: [/[0:0:0:0:0:0:0:1%0]:42876]: Origin header is https://eaglercraft.com
[18:29:44] [Netty Worker IO Thread #0/INFO] [EaglercraftXBungee]: [/[0:0:0:0:0:0:0:1%0]:42876]: Logged in as 'IronMan42'
[18:29:44] [Netty Worker IO Thread #0/INFO]: [/[0:0:0:0:0:0:0:1%0]:42876|IronMan42] -> UpstreamBridge has connected
[18:29:44] [Netty Worker IO Thread #0/INFO]: [IronMan42|/[0:0:0:0:0:0:0:1%0]:42876] <-> ServerConnector [lobby] has connected
[18:30:02] [Netty Worker IO Thread #1/INFO] [EaglercraftXBungee]: [/[0:0:0:0:0:0:0:1%0]:42252]: Connected via websocket
[18:30:02] [Netty Worker IO Thread #1/INFO] [EaglercraftXBungee]: [/[0:0:0:0:0:0:0:1%0]:42252]: Origin header is https://eaglercraft.com
[18:30:02] [Netty Worker IO Thread #1/INFO] [EaglercraftXBungee]: [/[0:0:0:0:0:0:0:1%0]:42252]: Logged in as 'MikeMike123'
[18:30:02] [Netty Worker IO Thread #1/INFO]: [/[0:0:0:0:0:0:0:1%0]:42252|MikeMike123] -> UpstreamBridge has connected
[18:30:02] [Netty Worker IO Thread #1/INFO]: [MikeMike123|/[0:0:0:0:0:0:0:1%0]:42252] <-> ServerConnector [lobby] has connected
[18:30:15] [Netty Worker IO Thread #0/INFO]: [IronMan42] disconnected with: Login timed out!
[18:30:15] [Netty Worker IO Thread #0/INFO]: [/[0:0:0:0:0:0:0:1%0]:42876|IronMan42] -> UpstreamBridge has disconnected
[18:30:15] [Netty Worker IO Thread #0/INFO]: [/[0:0:0:0:0:0:0:1%0]:42876|IronMan42] <-> DownstreamBridge <-> [lobby] has disconnected
